<?xml version="1.0" encoding="UTF-8"?>
<!-- Generated by org.testng.reporters.JUnitXMLReporter -->
<testsuite ignored="0" hostname="CESIT-LAP-0135" failures="0" tests="3" name="Rapid API" time="5.978" errors="0" timestamp="2022-08-02T17:30:02 IST">
  <testcase classname="com.Mercy.API.rapidAPI" name="Countries" time="2.638"/>
  <testcase classname="com.Mercy.API.rapidAPI" name="History" time="1.532"/>
  <testcase classname="com.Mercy.API.rapidAPI" name="Statistics" time="1.767"/>
</testsuite> <!-- Rapid API -->
