<?xml version="1.0" encoding="UTF-8"?>
<!-- Generated by org.testng.reporters.JUnitXMLReporter -->
<testsuite ignored="1" hostname="CESIT-LAP-0135" failures="0" tests="1" name="Default test" time="40.123" errors="0" timestamp="2022-08-01T21:04:20 IST">
  <testcase classname="com.Mercy.Web.ConditionsTreatmentsTC" name="TC_Description_XLS" time="40.003"/>
  <testcase classname="com.Mercy.Web.ConditionsTreatmentsTC" name="TC_Description_JSON" time="0.0">
    <ignored/>
  </testcase> <!-- TC_Description_JSON -->
</testsuite> <!-- Default test -->
